<?xml version="1.0" encoding="UTF-8"?>
<!-- Generated by org.testng.reporters.JUnitReportReporter -->
<testsuite hostname="DESKTOP-6M2FCE6" failures="0" tests="18" name="Tests.ArrayDetailsPage" time="49.752" errors="0" timestamp="2024-11-19T22:00:35 CST" skipped="0">
  <testcase classname="Tests.ArrayDetailsPage" name="Valid_code_on_try_editor_for_applications_of_array_runs_successfully" time="2.971"/>
  <system-out/>
  <testcase classname="Tests.ArrayDetailsPage" name="Valid_code_on_try_editor_for_Array_using_list_runs_successfully" time="2.743"/>
  <system-out/>
  <testcase classname="Tests.ArrayDetailsPage" name="No_error_message_displayed_for_empty_code_on_try_editor_for_applications_of_array" time="2.552"/>
  <system-out/>
  <testcase classname="Tests.ArrayDetailsPage" name="Validate_user_can_Try_here_link_page_from_Basic_operations_in_lists" time="2.322"/>
  <system-out/>
  <testcase classname="Tests.ArrayDetailsPage" name="validate_user_can_click_on_practicequestions" time="2.406"/>
  <system-out/>
  <testcase classname="Tests.ArrayDetailsPage" name="validate_user_can_navigate_to_Arrays_in_python" time="2.174"/>
  <system-out/>
  <testcase classname="Tests.ArrayDetailsPage" name="Error_message_displayed_for_invalid_code_on_try_Editor_for_Basic_operations_in_lists" time="3.302"/>
  <system-out/>
  <testcase classname="Tests.ArrayDetailsPage" name="Validate_user_can_navigate_to_applications_of_array" time="2.256"/>
  <system-out/>
  <testcase classname="Tests.ArrayDetailsPage" name="No_error_message_displayed_for_empty_code_on_try_editor_for_basic_operations_in_lists" time="2.593"/>
  <system-out/>
  <testcase classname="Tests.ArrayDetailsPage" name="Valid_code_on_try_editor_for_basic_operations_in_lists_runs_successfully" time="3.775"/>
  <system-out/>
  <testcase classname="Tests.ArrayDetailsPage" name="Error_message_displayed_for_invalid_code_on_try_Editor_for_Queue_operations" time="3.425"/>
  <system-out/>
  <testcase classname="Tests.ArrayDetailsPage" name="validate_user_navigated_to_array_details_page_when_clicked_on_get_started" time="2.015"/>
  <system-out/>
  <testcase classname="Tests.ArrayDetailsPage" name="No_error_message_displayed_for_empty_code_on_try_editor_for_array_in_python" time="2.446"/>
  <system-out/>
  <testcase classname="Tests.ArrayDetailsPage" name="Validate_user_can_navigate_to_basic_opertaions_in_lists" time="2.465"/>
  <system-out/>
  <testcase classname="Tests.ArrayDetailsPage" name="Error_message_displayed_for_invalid_code_on_try_Editor_for_applications_of_array" time="2.904"/>
  <system-out/>
  <testcase classname="Tests.ArrayDetailsPage" name="Valid_code_on_try_editor_for_arrays_in_python_runs_successfully" time="2.789"/>
  <system-out/>
  <testcase classname="Tests.ArrayDetailsPage" name="validate_user_can_try_here_link_page_from_arrays_in_python" time="2.554"/>
  <system-out/>
  <testcase classname="Tests.ArrayDetailsPage" name="No_error_message_displayed_for_empty_code_on_try_editor_for_Array_using_list" time="4.060"/>
  <system-out/>
</testsuite> <!-- Tests.ArrayDetailsPage -->
